# JRE version: 7.0_10-b18
# Java VM: Java HotSpot(TM) 64-Bit Server VM (23.6-b04 mixed mode linux-amd64 compressed oops)
Heap
 PSYoungGen      total 74752K, used 1915K [0x00000007aca00000, 0x00000007b1d60000, 0x0000000800000000)
  eden space 64128K, 2% used [0x00000007aca00000,0x00000007acbdee68,0x00000007b08a0000)
  from space 10624K, 0% used [0x00000007b08a0000,0x00000007b08a0000,0x00000007b1300000)
  to   space 10624K, 0% used [0x00000007b1300000,0x00000007b1300000,0x00000007b1d60000)
 ParOldGen       total 170752K, used 31951K [0x0000000705e00000, 0x00000007104c0000, 0x00000007aca00000)
  object space 170752K, 18% used [0x0000000705e00000,0x0000000707d33df0,0x00000007104c0000)
 PSPermGen       total 21248K, used 6554K [0x0000000700c00000, 0x00000007020c0000, 0x0000000705e00000)
  object space 21248K, 30% used [0x0000000700c00000,0x0000000701266b60,0x00000007020c0000)
GC Heap History (10 events):
Event: 16,436 GC heap before
{Heap before GC invocations=82 (full 41):
 PSYoungGen      total 74752K, used 0K [0x00000007aca00000, 0x00000007b1d60000, 0x0000000800000000)
  eden space 64128K, 0% used [0x00000007aca00000,0x00000007aca00000,0x00000007b08a0000)
  from space 10624K, 0% used [0x00000007b08a0000,0x00000007b08a0000,0x00000007b1300000)
  to   space 10624K, 0% used [0x00000007b1300000,0x00000007b1300000,0x00000007b1d60000)
 ParOldGen       total 170752K, used 31951K [0x0000000705e00000, 0x00000007104c0000, 0x00000007aca00000)
  object space 170752K, 18% used [0x0000000705e00000,0x0000000707d33df0,0x00000007104c0000)
 PSPermGen       total 21248K, used 6554K [0x0000000700c00000, 0x00000007020c0000, 0x0000000705e00000)
  object space 21248K, 30% used [0x0000000700c00000,0x00000007012669d0,0x00000007020c0000)
Event: 16,513 GC heap after
Heap after GC invocations=82 (full 41):
 PSYoungGen      total 74752K, used 0K [0x00000007aca00000, 0x00000007b1d60000, 0x0000000800000000)
  eden space 64128K, 0% used [0x00000007aca00000,0x00000007aca00000,0x00000007b08a0000)
  from space 10624K, 0% used [0x00000007b08a0000,0x00000007b08a0000,0x00000007b1300000)
  to   space 10624K, 0% used [0x00000007b1300000,0x00000007b1300000,0x00000007b1d60000)
 ParOldGen       total 170752K, used 31951K [0x0000000705e00000, 0x00000007104c0000, 0x00000007aca00000)
  object space 170752K, 18% used [0x0000000705e00000,0x0000000707d33df0,0x00000007104c0000)
 PSPermGen       total 21248K, used 6554K [0x0000000700c00000, 0x00000007020c0000, 0x0000000705e00000)
  object space 21248K, 30% used [0x0000000700c00000,0x00000007012669d0,0x00000007020c0000)
}
Event: 16,715 GC heap before
{Heap before GC invocations=83 (full 41):
 PSYoungGen      total 74752K, used 0K [0x00000007aca00000, 0x00000007b1d60000, 0x0000000800000000)
  eden space 64128K, 0% used [0x00000007aca00000,0x00000007aca00000,0x00000007b08a0000)
  from space 10624K, 0% used [0x00000007b08a0000,0x00000007b08a0000,0x00000007b1300000)
  to   space 10624K, 0% used [0x00000007b1300000,0x00000007b1300000,0x00000007b1d60000)
 ParOldGen       total 170752K, used 31951K [0x0000000705e00000, 0x00000007104c0000, 0x00000007aca00000)
  object space 170752K, 18% used [0x0000000705e00000,0x0000000707d33df0,0x00000007104c0000)
 PSPermGen       total 21248K, used 6554K [0x0000000700c00000, 0x00000007020c0000, 0x0000000705e00000)
  object space 21248K, 30% used [0x0000000700c00000,0x00000007012669d0,0x00000007020c0000)
Event: 16,716 GC heap after
Heap after GC invocations=83 (full 41):
 PSYoungGen      total 74752K, used 0K [0x00000007aca00000, 0x00000007b1d60000, 0x0000000800000000)
  eden space 64128K, 0% used [0x00000007aca00000,0x00000007aca00000,0x00000007b08a0000)
  from space 10624K, 0% used [0x00000007b1300000,0x00000007b1300000,0x00000007b1d60000)
  to   space 10624K, 0% used [0x00000007b08a0000,0x00000007b08a0000,0x00000007b1300000)
 ParOldGen       total 170752K, used 31951K [0x0000000705e00000, 0x00000007104c0000, 0x00000007aca00000)
  object space 170752K, 18% used [0x0000000705e00000,0x0000000707d33df0,0x00000007104c0000)
 PSPermGen       total 21248K, used 6554K [0x0000000700c00000, 0x00000007020c0000, 0x0000000705e00000)
  object space 21248K, 30% used [0x0000000700c00000,0x00000007012669d0,0x00000007020c0000)
}
Event: 16,716 GC heap before
{Heap before GC invocations=84 (full 42):
 PSYoungGen      total 74752K, used 0K [0x00000007aca00000, 0x00000007b1d60000, 0x0000000800000000)
  eden space 64128K, 0% used [0x00000007aca00000,0x00000007aca00000,0x00000007b08a0000)
  from space 10624K, 0% used [0x00000007b1300000,0x00000007b1300000,0x00000007b1d60000)
  to   space 10624K, 0% used [0x00000007b08a0000,0x00000007b08a0000,0x00000007b1300000)
 ParOldGen       total 170752K, used 31951K [0x0000000705e00000, 0x00000007104c0000, 0x00000007aca00000)
  object space 170752K, 18% used [0x0000000705e00000,0x0000000707d33df0,0x00000007104c0000)
 PSPermGen       total 21248K, used 6554K [0x0000000700c00000, 0x00000007020c0000, 0x0000000705e00000)
  object space 21248K, 30% used [0x0000000700c00000,0x00000007012669d0,0x00000007020c0000)
Event: 16,798 GC heap after
Heap after GC invocations=84 (full 42):
 PSYoungGen      total 74752K, used 0K [0x00000007aca00000, 0x00000007b1d60000, 0x0000000800000000)
  eden space 64128K, 0% used [0x00000007aca00000,0x00000007aca00000,0x00000007b08a0000)
  from space 10624K, 0% used [0x00000007b1300000,0x00000007b1300000,0x00000007b1d60000)
  to   space 10624K, 0% used [0x00000007b08a0000,0x00000007b08a0000,0x00000007b1300000)
 ParOldGen       total 170752K, used 31951K [0x0000000705e00000, 0x00000007104c0000, 0x00000007aca00000)
  object space 170752K, 18% used [0x0000000705e00000,0x0000000707d33df0,0x00000007104c0000)
 PSPermGen       total 21248K, used 6554K [0x0000000700c00000, 0x00000007020c0000, 0x0000000705e00000)
  object space 21248K, 30% used [0x0000000700c00000,0x00000007012669d0,0x00000007020c0000)
}
Event: 16,999 GC heap before
{Heap before GC invocations=85 (full 42):
 PSYoungGen      total 74752K, used 0K [0x00000007aca00000, 0x00000007b1d60000, 0x0000000800000000)
  eden space 64128K, 0% used [0x00000007aca00000,0x00000007aca00000,0x00000007b08a0000)
  from space 10624K, 0% used [0x00000007b1300000,0x00000007b1300000,0x00000007b1d60000)
  to   space 10624K, 0% used [0x00000007b08a0000,0x00000007b08a0000,0x00000007b1300000)
 ParOldGen       total 170752K, used 31951K [0x0000000705e00000, 0x00000007104c0000, 0x00000007aca00000)
  object space 170752K, 18% used [0x0000000705e00000,0x0000000707d33df0,0x00000007104c0000)
 PSPermGen       total 21248K, used 6554K [0x0000000700c00000, 0x00000007020c0000, 0x0000000705e00000)
  object space 21248K, 30% used [0x0000000700c00000,0x00000007012669d0,0x00000007020c0000)
Event: 17,000 GC heap after
Heap after GC invocations=85 (full 42):
 PSYoungGen      total 74752K, used 0K [0x00000007aca00000, 0x00000007b1d60000, 0x0000000800000000)
  eden space 64128K, 0% used [0x00000007aca00000,0x00000007aca00000,0x00000007b08a0000)
  from space 10624K, 0% used [0x00000007b08a0000,0x00000007b08a0000,0x00000007b1300000)
  to   space 10624K, 0% used [0x00000007b1300000,0x00000007b1300000,0x00000007b1d60000)
 ParOldGen       total 170752K, used 31951K [0x0000000705e00000, 0x00000007104c0000, 0x00000007aca00000)
  object space 170752K, 18% used [0x0000000705e00000,0x0000000707d33df0,0x00000007104c0000)
 PSPermGen       total 21248K, used 6554K [0x0000000700c00000, 0x00000007020c0000, 0x0000000705e00000)
  object space 21248K, 30% used [0x0000000700c00000,0x00000007012669d0,0x00000007020c0000)
}
Event: 17,000 GC heap before
{Heap before GC invocations=86 (full 43):
 PSYoungGen      total 74752K, used 0K [0x00000007aca00000, 0x00000007b1d60000, 0x0000000800000000)
  eden space 64128K, 0% used [0x00000007aca00000,0x00000007aca00000,0x00000007b08a0000)
  from space 10624K, 0% used [0x00000007b08a0000,0x00000007b08a0000,0x00000007b1300000)
  to   space 10624K, 0% used [0x00000007b1300000,0x00000007b1300000,0x00000007b1d60000)
 ParOldGen       total 170752K, used 31951K [0x0000000705e00000, 0x00000007104c0000, 0x00000007aca00000)
  object space 170752K, 18% used [0x0000000705e00000,0x0000000707d33df0,0x00000007104c0000)
 PSPermGen       total 21248K, used 6554K [0x0000000700c00000, 0x00000007020c0000, 0x0000000705e00000)
  object space 21248K, 30% used [0x0000000700c00000,0x00000007012669d0,0x00000007020c0000)
Event: 17,077 GC heap after
Heap after GC invocations=86 (full 43):
 PSYoungGen      total 74752K, used 0K [0x00000007aca00000, 0x00000007b1d60000, 0x0000000800000000)
  eden space 64128K, 0% used [0x00000007aca00000,0x00000007aca00000,0x00000007b08a0000)
  from space 10624K, 0% used [0x00000007b08a0000,0x00000007b08a0000,0x00000007b1300000)
  to   space 10624K, 0% used [0x00000007b1300000,0x00000007b1300000,0x00000007b1d60000)
 ParOldGen       total 170752K, used 31951K [0x0000000705e00000, 0x00000007104c0000, 0x00000007aca00000)
  object space 170752K, 18% used [0x0000000705e00000,0x0000000707d33df0,0x00000007104c0000)
 PSPermGen       total 21248K, used 6554K [0x0000000700c00000, 0x00000007020c0000, 0x0000000705e00000)
  object space 21248K, 30% used [0x0000000700c00000,0x00000007012669d0,0x00000007020c0000)
}

