# JRE version: 7.0_10-b18
# Java VM: Java HotSpot(TM) 64-Bit Server VM (23.6-b04 mixed mode linux-amd64 compressed oops)
Heap
 PSYoungGen      total 74752K, used 1398K [0x00000007aca00000, 0x00000007b1d60000, 0x0000000800000000)
  eden space 64128K, 2% used [0x00000007aca00000,0x00000007acb5d878,0x00000007b08a0000)
  from space 10624K, 0% used [0x00000007b08a0000,0x00000007b08a0000,0x00000007b1300000)
  to   space 10624K, 0% used [0x00000007b1300000,0x00000007b1300000,0x00000007b1d60000)
 ParOldGen       total 170752K, used 14335K [0x0000000705e00000, 0x00000007104c0000, 0x00000007aca00000)
  object space 170752K, 8% used [0x0000000705e00000,0x0000000706bffea8,0x00000007104c0000)
 PSPermGen       total 21248K, used 6570K [0x0000000700c00000, 0x00000007020c0000, 0x0000000705e00000)
  object space 21248K, 30% used [0x0000000700c00000,0x000000070126a948,0x00000007020c0000)
GC Heap History (10 events):
Event: 80,195 GC heap before
{Heap before GC invocations=98 (full 49):
 PSYoungGen      total 74752K, used 0K [0x00000007aca00000, 0x00000007b1d60000, 0x0000000800000000)
  eden space 64128K, 0% used [0x00000007aca00000,0x00000007aca00000,0x00000007b08a0000)
  from space 10624K, 0% used [0x00000007b08a0000,0x00000007b08a0000,0x00000007b1300000)
  to   space 10624K, 0% used [0x00000007b1300000,0x00000007b1300000,0x00000007b1d60000)
 ParOldGen       total 170752K, used 31382K [0x0000000705e00000, 0x00000007104c0000, 0x00000007aca00000)
  object space 170752K, 18% used [0x0000000705e00000,0x0000000707ca5b40,0x00000007104c0000)
 PSPermGen       total 21248K, used 6570K [0x0000000700c00000, 0x00000007020c0000, 0x0000000705e00000)
  object space 21248K, 30% used [0x0000000700c00000,0x000000070126a8e8,0x00000007020c0000)
Event: 80,274 GC heap after
Heap after GC invocations=98 (full 49):
 PSYoungGen      total 74752K, used 0K [0x00000007aca00000, 0x00000007b1d60000, 0x0000000800000000)
  eden space 64128K, 0% used [0x00000007aca00000,0x00000007aca00000,0x00000007b08a0000)
  from space 10624K, 0% used [0x00000007b08a0000,0x00000007b08a0000,0x00000007b1300000)
  to   space 10624K, 0% used [0x00000007b1300000,0x00000007b1300000,0x00000007b1d60000)
 ParOldGen       total 170752K, used 31382K [0x0000000705e00000, 0x00000007104c0000, 0x00000007aca00000)
  object space 170752K, 18% used [0x0000000705e00000,0x0000000707ca5b40,0x00000007104c0000)
 PSPermGen       total 21248K, used 6570K [0x0000000700c00000, 0x00000007020c0000, 0x0000000705e00000)
  object space 21248K, 30% used [0x0000000700c00000,0x000000070126a8e8,0x00000007020c0000)
}
Event: 80,475 GC heap before
{Heap before GC invocations=99 (full 49):
 PSYoungGen      total 74752K, used 0K [0x00000007aca00000, 0x00000007b1d60000, 0x0000000800000000)
  eden space 64128K, 0% used [0x00000007aca00000,0x00000007aca00000,0x00000007b08a0000)
  from space 10624K, 0% used [0x00000007b08a0000,0x00000007b08a0000,0x00000007b1300000)
  to   space 10624K, 0% used [0x00000007b1300000,0x00000007b1300000,0x00000007b1d60000)
 ParOldGen       total 170752K, used 31382K [0x0000000705e00000, 0x00000007104c0000, 0x00000007aca00000)
  object space 170752K, 18% used [0x0000000705e00000,0x0000000707ca5b40,0x00000007104c0000)
 PSPermGen       total 21248K, used 6570K [0x0000000700c00000, 0x00000007020c0000, 0x0000000705e00000)
  object space 21248K, 30% used [0x0000000700c00000,0x000000070126a8e8,0x00000007020c0000)
Event: 80,476 GC heap after
Heap after GC invocations=99 (full 49):
 PSYoungGen      total 74752K, used 0K [0x00000007aca00000, 0x00000007b1d60000, 0x0000000800000000)
  eden space 64128K, 0% used [0x00000007aca00000,0x00000007aca00000,0x00000007b08a0000)
  from space 10624K, 0% used [0x00000007b1300000,0x00000007b1300000,0x00000007b1d60000)
  to   space 10624K, 0% used [0x00000007b08a0000,0x00000007b08a0000,0x00000007b1300000)
 ParOldGen       total 170752K, used 31382K [0x0000000705e00000, 0x00000007104c0000, 0x00000007aca00000)
  object space 170752K, 18% used [0x0000000705e00000,0x0000000707ca5b40,0x00000007104c0000)
 PSPermGen       total 21248K, used 6570K [0x0000000700c00000, 0x00000007020c0000, 0x0000000705e00000)
  object space 21248K, 30% used [0x0000000700c00000,0x000000070126a8e8,0x00000007020c0000)
}
Event: 80,476 GC heap before
{Heap before GC invocations=100 (full 50):
 PSYoungGen      total 74752K, used 0K [0x00000007aca00000, 0x00000007b1d60000, 0x0000000800000000)
  eden space 64128K, 0% used [0x00000007aca00000,0x00000007aca00000,0x00000007b08a0000)
  from space 10624K, 0% used [0x00000007b1300000,0x00000007b1300000,0x00000007b1d60000)
  to   space 10624K, 0% used [0x00000007b08a0000,0x00000007b08a0000,0x00000007b1300000)
 ParOldGen       total 170752K, used 31382K [0x0000000705e00000, 0x00000007104c0000, 0x00000007aca00000)
  object space 170752K, 18% used [0x0000000705e00000,0x0000000707ca5b40,0x00000007104c0000)
 PSPermGen       total 21248K, used 6570K [0x0000000700c00000, 0x00000007020c0000, 0x0000000705e00000)
  object space 21248K, 30% used [0x0000000700c00000,0x000000070126a8e8,0x00000007020c0000)
Event: 80,572 GC heap after
Heap after GC invocations=100 (full 50):
 PSYoungGen      total 74752K, used 0K [0x00000007aca00000, 0x00000007b1d60000, 0x0000000800000000)
  eden space 64128K, 0% used [0x00000007aca00000,0x00000007aca00000,0x00000007b08a0000)
  from space 10624K, 0% used [0x00000007b1300000,0x00000007b1300000,0x00000007b1d60000)
  to   space 10624K, 0% used [0x00000007b08a0000,0x00000007b08a0000,0x00000007b1300000)
 ParOldGen       total 170752K, used 31382K [0x0000000705e00000, 0x00000007104c0000, 0x00000007aca00000)
  object space 170752K, 18% used [0x0000000705e00000,0x0000000707ca5b40,0x00000007104c0000)
 PSPermGen       total 21248K, used 6570K [0x0000000700c00000, 0x00000007020c0000, 0x0000000705e00000)
  object space 21248K, 30% used [0x0000000700c00000,0x000000070126a8e8,0x00000007020c0000)
}
Event: 80,774 GC heap before
{Heap before GC invocations=101 (full 50):
 PSYoungGen      total 74752K, used 707K [0x00000007aca00000, 0x00000007b1d60000, 0x0000000800000000)
  eden space 64128K, 1% used [0x00000007aca00000,0x00000007acab0d68,0x00000007b08a0000)
  from space 10624K, 0% used [0x00000007b1300000,0x00000007b1300000,0x00000007b1d60000)
  to   space 10624K, 0% used [0x00000007b08a0000,0x00000007b08a0000,0x00000007b1300000)
 ParOldGen       total 170752K, used 31382K [0x0000000705e00000, 0x00000007104c0000, 0x00000007aca00000)
  object space 170752K, 18% used [0x0000000705e00000,0x0000000707ca5b40,0x00000007104c0000)
 PSPermGen       total 21248K, used 6570K [0x0000000700c00000, 0x00000007020c0000, 0x0000000705e00000)
  object space 21248K, 30% used [0x0000000700c00000,0x000000070126a8e8,0x00000007020c0000)
Event: 80,775 GC heap after
Heap after GC invocations=101 (full 50):
 PSYoungGen      total 74752K, used 32K [0x00000007aca00000, 0x00000007b1d60000, 0x0000000800000000)
  eden space 64128K, 0% used [0x00000007aca00000,0x00000007aca00000,0x00000007b08a0000)
  from space 10624K, 0% used [0x00000007b08a0000,0x00000007b08a8000,0x00000007b1300000)
  to   space 10624K, 0% used [0x00000007b1300000,0x00000007b1300000,0x00000007b1d60000)
 ParOldGen       total 170752K, used 31382K [0x0000000705e00000, 0x00000007104c0000, 0x00000007aca00000)
  object space 170752K, 18% used [0x0000000705e00000,0x0000000707ca5b40,0x00000007104c0000)
 PSPermGen       total 21248K, used 6570K [0x0000000700c00000, 0x00000007020c0000, 0x0000000705e00000)
  object space 21248K, 30% used [0x0000000700c00000,0x000000070126a8e8,0x00000007020c0000)
}
Event: 80,775 GC heap before
{Heap before GC invocations=102 (full 51):
 PSYoungGen      total 74752K, used 32K [0x00000007aca00000, 0x00000007b1d60000, 0x0000000800000000)
  eden space 64128K, 0% used [0x00000007aca00000,0x00000007aca00000,0x00000007b08a0000)
  from space 10624K, 0% used [0x00000007b08a0000,0x00000007b08a8000,0x00000007b1300000)
  to   space 10624K, 0% used [0x00000007b1300000,0x00000007b1300000,0x00000007b1d60000)
 ParOldGen       total 170752K, used 31382K [0x0000000705e00000, 0x00000007104c0000, 0x00000007aca00000)
  object space 170752K, 18% used [0x0000000705e00000,0x0000000707ca5b40,0x00000007104c0000)
 PSPermGen       total 21248K, used 6570K [0x0000000700c00000, 0x00000007020c0000, 0x0000000705e00000)
  object space 21248K, 30% used [0x0000000700c00000,0x000000070126a8e8,0x00000007020c0000)
Event: 80,856 GC heap after
Heap after GC invocations=102 (full 51):
 PSYoungGen      total 74752K, used 0K [0x00000007aca00000, 0x00000007b1d60000, 0x0000000800000000)
  eden space 64128K, 0% used [0x00000007aca00000,0x00000007aca00000,0x00000007b08a0000)
  from space 10624K, 0% used [0x00000007b08a0000,0x00000007b08a0000,0x00000007b1300000)
  to   space 10624K, 0% used [0x00000007b1300000,0x00000007b1300000,0x00000007b1d60000)
 ParOldGen       total 170752K, used 14335K [0x0000000705e00000, 0x00000007104c0000, 0x00000007aca00000)
  object space 170752K, 8% used [0x0000000705e00000,0x0000000706bffea8,0x00000007104c0000)
 PSPermGen       total 21248K, used 6570K [0x0000000700c00000, 0x00000007020c0000, 0x0000000705e00000)
  object space 21248K, 30% used [0x0000000700c00000,0x000000070126a8e8,0x00000007020c0000)
}

